[2021-02-04T19:59:39.198] [INFO] response - {
  method: 'GET',
  url: '/home',
  body: undefined,
  costTime: 9,
  response: {
    status: 200,
    message: 'OK',
    header: [Object: null prototype] {
      vary: 'Accept-Encoding',
      etag: '"0.8040294091931257"',
      'content-type': 'text/html; charset=utf-8',
      'content-encoding': 'br'
    },
    body: BrotliCompress {
      _writeState: [Uint32Array],
      _readableState: [ReadableState],
      readable: true,
      _events: [Object: null prototype],
      _eventsCount: 6,
      _maxListeners: undefined,
      _writableState: [WritableState],
      writable: true,
      allowHalfOpen: true,
      _transformState: [Object],
      _hadError: false,
      bytesWritten: 0,
      _handle: [BrotliEncoder],
      _outBuffer: <Buffer 90 a8 68 76 22 02 00 00 f0 75 6e 76 22 02 00 00 48 40 00 00 00 00 00 00 d0 b3 62 76 22 02 00 00 20 b4 62 76 22 02 00 00 30 b4 62 76 22 02 00 00 48 b4 ... 16334 more bytes>,
      _outOffset: 0,
      _chunkSize: 16384,
      _defaultFlushFlag: 0,
      _finishFlushFlag: 2,
      _defaultFullFlushFlag: 1,
      _info: undefined
    }
  }
}
[2021-02-04T19:59:39.238] [INFO] response - {
  method: 'GET',
  url: '/asset/jquery.min.js',
  body: undefined,
  costTime: 1,
  response: {
    status: 200,
    message: 'OK',
    header: [Object: null prototype] {
      vary: 'Accept-Encoding',
      etag: '"0.3739721258323703"',
      'content-type': 'text/html; charset=utf-8',
      'content-encoding': 'br'
    },
    body: BrotliCompress {
      _writeState: [Uint32Array],
      _readableState: [ReadableState],
      readable: true,
      _events: [Object: null prototype],
      _eventsCount: 6,
      _maxListeners: undefined,
      _writableState: [WritableState],
      writable: true,
      allowHalfOpen: true,
      _transformState: [Object],
      _hadError: false,
      bytesWritten: 0,
      _handle: [BrotliEncoder],
      _outBuffer: <Buffer 00 00 00 00 00 00 00 00 00 00 00 00 00 00 00 00 00 00 00 00 00 00 00 00 00 00 00 00 00 00 00 00 00 00 00 00 00 00 00 00 00 00 00 00 00 00 00 00 00 00 ... 16334 more bytes>,
      _outOffset: 0,
      _chunkSize: 16384,
      _defaultFlushFlag: 0,
      _finishFlushFlag: 2,
      _defaultFullFlushFlag: 1,
      _info: undefined
    }
  }
}
[2021-02-04T19:59:39.240] [INFO] response - {
  method: 'GET',
  url: '/asset/bootstrap.bundle.min.js',
  body: undefined,
  costTime: 3,
  response: {
    status: 200,
    message: 'OK',
    header: [Object: null prototype] {
      vary: 'Accept-Encoding',
      etag: '"0.48611222864187753"',
      'content-type': 'text/html; charset=utf-8',
      'content-encoding': 'br'
    },
    body: BrotliCompress {
      _writeState: [Uint32Array],
      _readableState: [ReadableState],
      readable: true,
      _events: [Object: null prototype],
      _eventsCount: 6,
      _maxListeners: undefined,
      _writableState: [WritableState],
      writable: true,
      allowHalfOpen: true,
      _transformState: [Object],
      _hadError: false,
      bytesWritten: 0,
      _handle: [BrotliEncoder],
      _outBuffer: <Buffer 00 00 00 00 00 00 00 00 00 00 00 00 00 00 00 00 00 00 00 00 00 00 00 00 00 00 00 00 00 00 00 00 00 00 00 00 00 00 00 00 00 00 00 00 00 00 00 00 00 00 ... 16334 more bytes>,
      _outOffset: 0,
      _chunkSize: 16384,
      _defaultFlushFlag: 0,
      _finishFlushFlag: 2,
      _defaultFullFlushFlag: 1,
      _info: undefined
    }
  }
}
[2021-02-04T19:59:39.494] [INFO] response - {
  method: 'GET',
  url: '/favicon.ico',
  body: undefined,
  costTime: 2,
  response: {
    status: 200,
    message: 'OK',
    header: [Object: null prototype] {
      vary: 'Accept-Encoding',
      etag: '"0.5821473257582312"',
      'content-type': 'text/html; charset=utf-8',
      'content-encoding': 'br'
    },
    body: BrotliCompress {
      _writeState: [Uint32Array],
      _readableState: [ReadableState],
      readable: true,
      _events: [Object: null prototype],
      _eventsCount: 6,
      _maxListeners: undefined,
      _writableState: [WritableState],
      writable: true,
      allowHalfOpen: true,
      _transformState: [Object],
      _hadError: false,
      bytesWritten: 0,
      _handle: [BrotliEncoder],
      _outBuffer: <Buffer 00 00 00 00 00 00 00 00 00 00 00 00 00 00 00 00 00 00 00 00 00 00 00 00 00 00 00 00 00 00 00 00 00 00 00 00 00 00 00 00 00 00 00 00 00 00 00 00 00 00 ... 16334 more bytes>,
      _outOffset: 0,
      _chunkSize: 16384,
      _defaultFlushFlag: 0,
      _finishFlushFlag: 2,
      _defaultFullFlushFlag: 1,
      _info: undefined
    }
  }
}
[2021-02-04T20:00:34.426] [INFO] response - {
  method: 'GET',
  url: '/home',
  body: undefined,
  costTime: 8,
  response: {
    status: 200,
    message: 'OK',
    header: [Object: null prototype] {
      vary: 'Accept-Encoding',
      etag: '"0.09161861577815156"',
      'content-type': 'text/html; charset=utf-8',
      'content-encoding': 'br'
    },
    body: BrotliCompress {
      _writeState: [Uint32Array],
      _readableState: [ReadableState],
      readable: true,
      _events: [Object: null prototype],
      _eventsCount: 6,
      _maxListeners: undefined,
      _writableState: [WritableState],
      writable: true,
      allowHalfOpen: true,
      _transformState: [Object],
      _hadError: false,
      bytesWritten: 0,
      _handle: [BrotliEncoder],
      _outBuffer: <Buffer d0 bb 25 41 bb 01 00 00 b0 0f 0c 41 bb 01 00 00 0e 00 00 00 00 00 00 00 4e 2f c6 1c 00 00 00 00 53 01 00 00 00 00 00 00 d0 13 f0 40 bb 01 00 00 00 00 ... 16334 more bytes>,
      _outOffset: 0,
      _chunkSize: 16384,
      _defaultFlushFlag: 0,
      _finishFlushFlag: 2,
      _defaultFullFlushFlag: 1,
      _info: undefined
    }
  }
}
[2021-02-04T20:00:34.454] [INFO] response - {
  method: 'GET',
  url: '/asset/jquery.min.js',
  body: undefined,
  costTime: 2,
  response: {
    status: 200,
    message: 'OK',
    header: [Object: null prototype] {
      vary: 'Accept-Encoding',
      'last-modified': 'Thu, 04 Feb 2021 12:00:14 GMT',
      'cache-control': 'max-age=86400',
      'content-type': 'application/javascript; charset=utf-8',
      etag: 'W/"15d84-1776cea0fa4"',
      'content-encoding': 'br'
    },
    body: BrotliCompress {
      _writeState: [Uint32Array],
      _readableState: [ReadableState],
      readable: true,
      _events: [Object: null prototype],
      _eventsCount: 6,
      _maxListeners: undefined,
      _writableState: [WritableState],
      writable: true,
      allowHalfOpen: true,
      _transformState: [Object],
      _hadError: false,
      bytesWritten: 0,
      _handle: [BrotliEncoder],
      _outBuffer: <Buffer d9 41 82 1f 57 02 00 00 18 00 00 00 00 00 00 00 f9 4c 82 1f 57 02 00 00 38 00 00 00 00 00 00 00 31 4d 82 1f 57 02 00 00 28 00 00 00 00 00 00 00 59 4d ... 16334 more bytes>,
      _outOffset: 0,
      _chunkSize: 16384,
      _defaultFlushFlag: 0,
      _finishFlushFlag: 2,
      _defaultFullFlushFlag: 1,
      _info: undefined
    }
  }
}
[2021-02-04T20:00:34.455] [INFO] response - {
  method: 'GET',
  url: '/asset/bootstrap.bundle.min.js',
  body: undefined,
  costTime: 2,
  response: {
    status: 200,
    message: 'OK',
    header: [Object: null prototype] {
      vary: 'Accept-Encoding',
      'last-modified': 'Thu, 04 Feb 2021 12:00:14 GMT',
      'cache-control': 'max-age=86400',
      'content-type': 'application/javascript; charset=utf-8',
      etag: 'W/"175c0-1776cea0fa4"',
      'content-encoding': 'br'
    },
    body: BrotliCompress {
      _writeState: [Uint32Array],
      _readableState: [ReadableState],
      readable: true,
      _events: [Object: null prototype],
      _eventsCount: 6,
      _maxListeners: undefined,
      _writableState: [WritableState],
      writable: true,
      allowHalfOpen: true,
      _transformState: [Object],
      _hadError: false,
      bytesWritten: 0,
      _handle: [BrotliEncoder],
      _outBuffer: <Buffer 10 de f6 40 bb 01 00 00 10 de f6 40 bb 01 00 00 10 de f6 40 bb 01 00 00 10 de f6 40 bb 01 00 00 10 de f6 40 bb 01 00 00 10 de f6 40 bb 01 00 00 10 de ... 16334 more bytes>,
      _outOffset: 0,
      _chunkSize: 16384,
      _defaultFlushFlag: 0,
      _finishFlushFlag: 2,
      _defaultFullFlushFlag: 1,
      _info: undefined
    }
  }
}
[2021-02-04T20:00:34.797] [INFO] response - {
  method: 'GET',
  url: '/asset/bootstrap.bundle.min.js.map',
  body: undefined,
  costTime: 1,
  response: {
    status: 200,
    message: 'OK',
    header: [Object: null prototype] {
      vary: 'Accept-Encoding',
      etag: '"0.46278694140716325"',
      'content-type': 'text/html; charset=utf-8',
      'content-encoding': 'br'
    },
    body: BrotliCompress {
      _writeState: [Uint32Array],
      _readableState: [ReadableState],
      readable: true,
      _events: [Object: null prototype],
      _eventsCount: 6,
      _maxListeners: undefined,
      _writableState: [WritableState],
      writable: true,
      allowHalfOpen: true,
      _transformState: [Object],
      _hadError: false,
      bytesWritten: 0,
      _handle: [BrotliEncoder],
      _outBuffer: <Buffer 20 a7 25 41 bb 01 00 00 20 a7 25 41 bb 01 00 00 20 a7 25 41 bb 01 00 00 20 a7 25 41 bb 01 00 00 20 a7 25 41 bb 01 00 00 20 a7 25 41 bb 01 00 00 20 a7 ... 16334 more bytes>,
      _outOffset: 0,
      _chunkSize: 16384,
      _defaultFlushFlag: 0,
      _finishFlushFlag: 2,
      _defaultFullFlushFlag: 1,
      _info: undefined
    }
  }
}
[2021-02-04T20:00:34.866] [INFO] response - {
  method: 'GET',
  url: '/favicon.ico',
  body: undefined,
  costTime: 4,
  response: {
    status: 200,
    message: 'OK',
    header: [Object: null prototype] {
      vary: 'Accept-Encoding',
      etag: '"0.13949540384178616"',
      'content-type': 'text/html; charset=utf-8',
      'content-encoding': 'br'
    },
    body: BrotliCompress {
      _writeState: [Uint32Array],
      _readableState: [ReadableState],
      readable: true,
      _events: [Object: null prototype],
      _eventsCount: 6,
      _maxListeners: undefined,
      _writableState: [WritableState],
      writable: true,
      allowHalfOpen: true,
      _transformState: [Object],
      _hadError: false,
      bytesWritten: 0,
      _handle: [BrotliEncoder],
      _outBuffer: <Buffer 00 00 00 00 00 00 00 00 00 00 00 00 01 00 00 00 00 00 00 00 00 00 00 00 00 00 00 00 01 00 00 00 00 00 00 00 00 00 00 00 00 00 00 00 01 00 00 00 00 00 ... 16334 more bytes>,
      _outOffset: 0,
      _chunkSize: 16384,
      _defaultFlushFlag: 0,
      _finishFlushFlag: 2,
      _defaultFullFlushFlag: 1,
      _info: undefined
    }
  }
}
[2021-02-04T20:01:45.122] [INFO] response - {
  method: 'GET',
  url: '/home',
  body: undefined,
  costTime: 2,
  response: {
    status: 200,
    message: 'OK',
    header: [Object: null prototype] {
      vary: 'Accept-Encoding',
      etag: '"0.21491198371335551"',
      'content-type': 'text/html; charset=utf-8',
      'content-encoding': 'br'
    },
    body: BrotliCompress {
      _writeState: [Uint32Array],
      _readableState: [ReadableState],
      readable: true,
      _events: [Object: null prototype],
      _eventsCount: 6,
      _maxListeners: undefined,
      _writableState: [WritableState],
      writable: true,
      allowHalfOpen: true,
      _transformState: [Object],
      _hadError: false,
      bytesWritten: 0,
      _handle: [BrotliEncoder],
      _outBuffer: <Buffer 1b f5 01 c0 8c c3 74 63 3d 2f b5 d8 44 bc 36 79 8d 7c dc e7 95 3c 7a ec 0c 10 9d 5b c8 1d 39 86 a6 9b 2d 38 01 c6 ba d9 60 0d c6 a6 6e f3 3a 8c 49 73 ... 16334 more bytes>,
      _outOffset: 0,
      _chunkSize: 16384,
      _defaultFlushFlag: 0,
      _finishFlushFlag: 2,
      _defaultFullFlushFlag: 1,
      _info: undefined
    }
  }
}
[2021-02-04T20:01:45.296] [INFO] response - {
  method: 'GET',
  url: '/asset/bootstrap.bundle.min.js.map',
  body: undefined,
  costTime: 1,
  response: {
    status: 200,
    message: 'OK',
    header: [Object: null prototype] {
      vary: 'Accept-Encoding',
      etag: '"0.8191749774941399"',
      'content-type': 'text/html; charset=utf-8',
      'content-encoding': 'br'
    },
    body: BrotliCompress {
      _writeState: [Uint32Array],
      _readableState: [ReadableState],
      readable: true,
      _events: [Object: null prototype],
      _eventsCount: 6,
      _maxListeners: undefined,
      _writableState: [WritableState],
      writable: true,
      allowHalfOpen: true,
      _transformState: [Object],
      _hadError: false,
      bytesWritten: 0,
      _handle: [BrotliEncoder],
      _outBuffer: <Buffer 5b bf 75 21 8a dc 0e 48 01 d5 f7 12 a3 a8 6b 9b 31 97 00 0f 03 3c 81 91 f1 ea 29 46 a7 ae b1 e9 6a 53 54 af a3 37 d8 55 e3 3b 42 f8 0d 50 74 84 96 3e ... 16334 more bytes>,
      _outOffset: 0,
      _chunkSize: 16384,
      _defaultFlushFlag: 0,
      _finishFlushFlag: 2,
      _defaultFullFlushFlag: 1,
      _info: undefined
    }
  }
}
[2021-02-04T20:01:45.429] [INFO] response - {
  method: 'GET',
  url: '/favicon.ico',
  body: undefined,
  costTime: 1,
  response: {
    status: 200,
    message: 'OK',
    header: [Object: null prototype] {
      vary: 'Accept-Encoding',
      etag: '"0.013225185604383016"',
      'content-type': 'text/html; charset=utf-8',
      'content-encoding': 'br'
    },
    body: BrotliCompress {
      _writeState: [Uint32Array],
      _readableState: [ReadableState],
      readable: true,
      _events: [Object: null prototype],
      _eventsCount: 6,
      _maxListeners: undefined,
      _writableState: [WritableState],
      writable: true,
      allowHalfOpen: true,
      _transformState: [Object],
      _hadError: false,
      bytesWritten: 0,
      _handle: [BrotliEncoder],
      _outBuffer: <Buffer 00 00 00 00 00 00 00 00 00 00 00 00 00 00 00 00 01 f5 81 1f 57 02 00 00 e0 8f 09 41 bb 01 00 00 70 a8 25 41 bb 01 00 00 70 a8 25 41 bb 01 00 00 70 a8 ... 16334 more bytes>,
      _outOffset: 0,
      _chunkSize: 16384,
      _defaultFlushFlag: 0,
      _finishFlushFlag: 2,
      _defaultFullFlushFlag: 1,
      _info: undefined
    }
  }
}
[2021-02-04T20:01:59.781] [INFO] response - {
  method: 'GET',
  url: '/home',
  body: undefined,
  costTime: 1,
  response: {
    status: 200,
    message: 'OK',
    header: [Object: null prototype] {
      vary: 'Accept-Encoding',
      etag: '"0.7044491053118653"',
      'content-type': 'text/html; charset=utf-8',
      'content-encoding': 'br'
    },
    body: BrotliCompress {
      _writeState: [Uint32Array],
      _readableState: [ReadableState],
      readable: true,
      _events: [Object: null prototype],
      _eventsCount: 6,
      _maxListeners: undefined,
      _writableState: [WritableState],
      writable: true,
      allowHalfOpen: true,
      _transformState: [Object],
      _hadError: false,
      bytesWritten: 0,
      _handle: [BrotliEncoder],
      _outBuffer: <Buffer 84 58 86 b7 42 20 4c ee a1 b3 59 67 a1 98 90 b4 53 8f d0 6e 00 b6 ec 2b b2 2d bc 31 bf df 0f 08 0b 7c 01 38 16 0a 02 f3 9a 2d b2 d1 7f d5 1d da 66 b2 ... 16334 more bytes>,
      _outOffset: 0,
      _chunkSize: 16384,
      _defaultFlushFlag: 0,
      _finishFlushFlag: 2,
      _defaultFullFlushFlag: 1,
      _info: undefined
    }
  }
}
[2021-02-04T20:01:59.952] [INFO] response - {
  method: 'GET',
  url: '/asset/bootstrap.bundle.min.js.map',
  body: undefined,
  costTime: 1,
  response: {
    status: 200,
    message: 'OK',
    header: [Object: null prototype] {
      vary: 'Accept-Encoding',
      etag: '"0.6905014551895243"',
      'content-type': 'text/html; charset=utf-8',
      'content-encoding': 'br'
    },
    body: BrotliCompress {
      _writeState: [Uint32Array],
      _readableState: [ReadableState],
      readable: true,
      _events: [Object: null prototype],
      _eventsCount: 6,
      _maxListeners: undefined,
      _writableState: [WritableState],
      writable: true,
      allowHalfOpen: true,
      _transformState: [Object],
      _hadError: false,
      bytesWritten: 0,
      _handle: [BrotliEncoder],
      _outBuffer: <Buffer 1b f5 01 c0 8c c3 74 63 3d 2f b5 d8 44 bc 36 79 8d 7c dc e7 95 3c 7a ec 0c 10 9d 5b c8 1d 39 86 a6 9b 2d 38 01 c6 ba d9 60 0d c6 a6 6e f3 3a 8c 49 73 ... 16334 more bytes>,
      _outOffset: 0,
      _chunkSize: 16384,
      _defaultFlushFlag: 0,
      _finishFlushFlag: 2,
      _defaultFullFlushFlag: 1,
      _info: undefined
    }
  }
}
[2021-02-04T20:02:00.093] [INFO] response - {
  method: 'GET',
  url: '/favicon.ico',
  body: undefined,
  costTime: 1,
  response: {
    status: 200,
    message: 'OK',
    header: [Object: null prototype] {
      vary: 'Accept-Encoding',
      etag: '"0.27430310969573757"',
      'content-type': 'text/html; charset=utf-8',
      'content-encoding': 'br'
    },
    body: BrotliCompress {
      _writeState: [Uint32Array],
      _readableState: [ReadableState],
      readable: true,
      _events: [Object: null prototype],
      _eventsCount: 6,
      _maxListeners: undefined,
      _writableState: [WritableState],
      writable: true,
      allowHalfOpen: true,
      _transformState: [Object],
      _hadError: false,
      bytesWritten: 0,
      _handle: [BrotliEncoder],
      _outBuffer: <Buffer bb 93 d6 9c 98 fc 84 54 c5 4a d7 25 3b 31 a2 08 cc c6 b0 77 1a f7 90 02 5c 00 3f c4 f5 1e 59 2f a7 44 b4 41 cd 6f c5 b2 17 ea 39 01 29 b9 9d 50 09 5f ... 16334 more bytes>,
      _outOffset: 0,
      _chunkSize: 16384,
      _defaultFlushFlag: 0,
      _finishFlushFlag: 2,
      _defaultFullFlushFlag: 1,
      _info: undefined
    }
  }
}
